Wed Jun 25 13:38:59 UTC 2025 - Executing "python3 /openLANE_flow/scripts/extract_metal_layers.py -t /home/vsduser/Desktop/work/tools/openlane_working_dir/pdks/sky130A/libs.ref/sky130_fd_sc_hd/techlef/sky130_fd_sc_hd.tlef -o /openLANE_flow/designs/picorv32a/runs/23-06_10-10/tmp/met_layers_list.txt"

Wed Jun 25 13:38:59 UTC 2025 - Executing "/openLANE_flow/scripts/mergeLef.py -i /home/vsduser/Desktop/work/tools/openlane_working_dir/pdks/sky130A/libs.ref/sky130_fd_sc_hd/techlef/sky130_fd_sc_hd.tlef {/home/vsduser/Desktop/work/tools/openlane_working_dir/pdks/sky130A/libs.ref/sky130_fd_sc_hd/lef/sky130_fd_sc_hd.lef /home/vsduser/Desktop/work/tools/openlane_working_dir/pdks/sky130A/libs.ref/sky130_fd_sc_hd/lef/sky130_ef_sc_hd__fill_12.lef /home/vsduser/Desktop/work/tools/openlane_working_dir/pdks/sky130A/libs.ref/sky130_fd_sc_hd/lef/sky130_ef_sc_hd__decap_12.lef /home/vsduser/Desktop/work/tools/openlane_working_dir/pdks/sky130A/libs.ref/sky130_fd_sc_hd/lef/sky130_ef_sc_hd__fakediode_2.lef} -o /openLANE_flow/designs/picorv32a/runs/23-06_10-10/tmp/merged_unpadded.lef |& tee >&@stdout"

Wed Jun 25 13:39:00 UTC 2025 - Executing "/openLANE_flow/scripts/mergeLef.py -i /openLANE_flow/designs/picorv32a/runs/23-06_10-10/tmp/merged_unpadded.lef /openLANE_flow/designs/picorv32a/src/sky130_vsdinv.lef -o /openLANE_flow/designs/picorv32a/runs/23-06_10-10/tmp/merged_unpadded.lef |& tee >&@stdout"

Wed Jun 25 13:39:00 UTC 2025 - Executing "/openLANE_flow/scripts/libtrim.pl /openLANE_flow/designs/picorv32a/src/sky130_fd_sc_hd__typical.lib /openLANE_flow/designs/picorv32a/runs/23-06_10-10/tmp/trimmed.lib.exclude.list > /openLANE_flow/designs/picorv32a/runs/23-06_10-10/tmp/trimmed.lib"

Wed Jun 25 13:39:00 UTC 2025 - Executing "echo {openlane v0.21} > /openLANE_flow/designs/picorv32a/runs/23-06_10-10/OPENLANE_VERSION"

Wed Jun 25 13:39:31 UTC 2025 - Executing "/openLANE_flow/scripts/mergeLef.py -i /openLANE_flow/designs/picorv32a/runs/23-06_10-10/tmp/merged.lef /openLANE_flow/designs/picorv32a/src/sky130_vsdinv.lef -o /openLANE_flow/designs/picorv32a/runs/23-06_10-10/tmp/merged.lef.new"

Wed Jun 25 13:39:31 UTC 2025 - Executing "/openLANE_flow/scripts/mergeLef.py -i /openLANE_flow/designs/picorv32a/runs/23-06_10-10/tmp/merged_unpadded.lef /openLANE_flow/designs/picorv32a/src/sky130_vsdinv.lef -o /openLANE_flow/designs/picorv32a/runs/23-06_10-10/tmp/merged_unpadded.lef.new"

Wed Jun 25 13:39:31 UTC 2025 - Executing "mv /openLANE_flow/designs/picorv32a/runs/23-06_10-10/tmp/merged.lef.new /openLANE_flow/designs/picorv32a/runs/23-06_10-10/tmp/merged.lef"

Wed Jun 25 13:39:31 UTC 2025 - Executing "mv /openLANE_flow/designs/picorv32a/runs/23-06_10-10/tmp/merged_unpadded.lef.new /openLANE_flow/designs/picorv32a/runs/23-06_10-10/tmp/merged_unpadded.lef"

Wed Jun 25 13:40:56 UTC 2025 - Executing "sed -E {s/^([[:space:]]+)pg_pin(.*)/\1pin\2\n\1    direction : "inout";/g} /openLANE_flow/designs/picorv32a/src/sky130_fd_sc_hd__typical.lib > /openLANE_flow/designs/picorv32a/runs/23-06_10-10/tmp/sky130_fd_sc_hd__typical.no_pg.lib"

Wed Jun 25 13:40:56 UTC 2025 - Executing "yosys -c /openLANE_flow/scripts/synth.tcl -l /openLANE_flow/designs/picorv32a/runs/23-06_10-10/logs/synthesis/9-yosys.log |& tee >&@stdout"

Wed Jun 25 13:42:13 UTC 2025 - Executing "sed -i -e {s/\(set ::env(CURRENT_NETLIST)\).*/\1 \/openLANE_flow\/designs\/picorv32a\/runs\/23-06_10-10\/results\/synthesis\/picorv32a.synthesis.v/} /openLANE_flow/designs/picorv32a/runs/23-06_10-10/config.tcl"

Wed Jun 25 13:42:13 UTC 2025 - Executing "sed -i -e {s/\(set ::env(PREV_NETLIST)\).*/\1 \/openLANE_flow\/designs\/picorv32a\/runs\/24-03_10-03\/results\/synthesis\/picorv32a.synthesis.v/} /openLANE_flow/designs/picorv32a/runs/23-06_10-10/config.tcl"

Wed Jun 25 13:42:13 UTC 2025 - Executing "sed -i /defparam/d /openLANE_flow/designs/picorv32a/runs/23-06_10-10/results/synthesis/picorv32a.synthesis.v"

Wed Jun 25 13:42:13 UTC 2025 - Executing "sta /openLANE_flow/scripts/sta.tcl |& tee >&@stdout /openLANE_flow/designs/picorv32a/runs/23-06_10-10/logs/synthesis/10-opensta"

Wed Jun 25 13:42:34 UTC 2025 - Executing "openroad -exit /openLANE_flow/scripts/openroad/or_floorplan.tcl |& tee >&@stdout /openLANE_flow/designs/picorv32a/runs/23-06_10-10/logs/floorplan/11-verilog2def.openroad.log"

Wed Jun 25 13:42:55 UTC 2025 - Executing "openroad -exit /openLANE_flow/scripts/openroad/or_ioplacer.tcl |& tee >&@stdout /openLANE_flow/designs/picorv32a/runs/23-06_10-10/logs/floorplan/12-ioPlacer.log"

Wed Jun 25 13:43:15 UTC 2025 - Executing "openroad -exit /openLANE_flow/scripts/openroad/or_tapcell.tcl |& tee >&@stdout /openLANE_flow/designs/picorv32a/runs/23-06_10-10/logs/floorplan/13-tapcell.log"

Wed Jun 25 13:44:58 UTC 2025 - Executing "openroad -exit /openLANE_flow/scripts/openroad/or_replace.tcl |& tee >&@stdout /openLANE_flow/designs/picorv32a/runs/23-06_10-10/logs/placement/14-replace.log"

Wed Jun 25 13:45:19 UTC 2025 - Executing "openroad -exit /openLANE_flow/scripts/openroad/or_resizer.tcl |& tee >&@stdout /openLANE_flow/designs/picorv32a/runs/23-06_10-10/logs/placement/14-resizer.log"

Wed Jun 25 13:45:36 UTC 2025 - Executing "openroad -exit /openLANE_flow/scripts/openroad/or_write_verilog.tcl |& tee >&@stdout /openLANE_flow/designs/picorv32a/runs/23-06_10-10/logs/15-write_verilog.log"

Wed Jun 25 13:45:39 UTC 2025 - Executing "sed -i -e {s/\(set ::env(CURRENT_NETLIST)\).*/\1 \/openLANE_flow\/designs\/picorv32a\/runs\/23-06_10-10\/results\/synthesis\/picorv32a.synthesis_optimized.v/} /openLANE_flow/designs/picorv32a/runs/23-06_10-10/config.tcl"

Wed Jun 25 13:45:39 UTC 2025 - Executing "sed -i -e {s/\(set ::env(PREV_NETLIST)\).*/\1 \/openLANE_flow\/designs\/picorv32a\/runs\/23-06_10-10\/results\/synthesis\/picorv32a.synthesis.v/} /openLANE_flow/designs/picorv32a/runs/23-06_10-10/config.tcl"

Wed Jun 25 13:45:39 UTC 2025 - Executing "sta /openLANE_flow/scripts/sta.tcl |& tee >&@stdout /openLANE_flow/designs/picorv32a/runs/23-06_10-10/logs/synthesis/16-opensta_post_resizer"

Wed Jun 25 13:45:41 UTC 2025 - Executing "openroad -exit /openLANE_flow/scripts/openroad/or_opendp.tcl |& tee >&@stdout /openLANE_flow/designs/picorv32a/runs/23-06_10-10/logs/placement/17-opendp.log"

Wed Jun 25 13:45:45 UTC 2025 - Executing "bash /openLANE_flow/scripts/klayout/scrotLayout.sh /home/vsduser/Desktop/work/tools/openlane_working_dir/pdks/sky130A/libs.tech/klayout/sky130A.lyt /openLANE_flow/designs/picorv32a/runs/23-06_10-10/results/placement/picorv32a.placement.def |& tee >&@stdout /openLANE_flow/designs/picorv32a/runs/23-06_10-10/logs/klayout/18-klayout.scrot.log"

