Mon Jun 30 12:35:20 UTC 2025 - Executing "python3 /openLANE_flow/scripts/extract_metal_layers.py -t /home/vsduser/Desktop/work/tools/openlane_working_dir/pdks/sky130A/libs.ref/sky130_fd_sc_hd/techlef/sky130_fd_sc_hd.tlef -o /openLANE_flow/designs/picorv32a/runs/30-06_10-23/tmp/met_layers_list.txt"

Mon Jun 30 12:35:20 UTC 2025 - Executing "/openLANE_flow/scripts/mergeLef.py -i /home/vsduser/Desktop/work/tools/openlane_working_dir/pdks/sky130A/libs.ref/sky130_fd_sc_hd/techlef/sky130_fd_sc_hd.tlef {/home/vsduser/Desktop/work/tools/openlane_working_dir/pdks/sky130A/libs.ref/sky130_fd_sc_hd/lef/sky130_fd_sc_hd.lef /home/vsduser/Desktop/work/tools/openlane_working_dir/pdks/sky130A/libs.ref/sky130_fd_sc_hd/lef/sky130_ef_sc_hd__fill_12.lef /home/vsduser/Desktop/work/tools/openlane_working_dir/pdks/sky130A/libs.ref/sky130_fd_sc_hd/lef/sky130_ef_sc_hd__decap_12.lef /home/vsduser/Desktop/work/tools/openlane_working_dir/pdks/sky130A/libs.ref/sky130_fd_sc_hd/lef/sky130_ef_sc_hd__fakediode_2.lef} -o /openLANE_flow/designs/picorv32a/runs/30-06_10-23/tmp/merged_unpadded.lef |& tee >&@stdout"

Mon Jun 30 12:35:20 UTC 2025 - Executing "/openLANE_flow/scripts/mergeLef.py -i /openLANE_flow/designs/picorv32a/runs/30-06_10-23/tmp/merged_unpadded.lef /openLANE_flow/designs/picorv32a/src/sky130_vsdinv.lef -o /openLANE_flow/designs/picorv32a/runs/30-06_10-23/tmp/merged_unpadded.lef |& tee >&@stdout"

Mon Jun 30 12:35:20 UTC 2025 - Executing "/openLANE_flow/scripts/libtrim.pl /openLANE_flow/designs/picorv32a/src/sky130_fd_sc_hd__typical.lib /openLANE_flow/designs/picorv32a/runs/30-06_10-23/tmp/trimmed.lib.exclude.list > /openLANE_flow/designs/picorv32a/runs/30-06_10-23/tmp/trimmed.lib"

Mon Jun 30 12:35:21 UTC 2025 - Executing "echo {openlane v0.21} > /openLANE_flow/designs/picorv32a/runs/30-06_10-23/OPENLANE_VERSION"

Mon Jun 30 12:35:57 UTC 2025 - Executing "/openLANE_flow/scripts/mergeLef.py -i /openLANE_flow/designs/picorv32a/runs/30-06_10-23/tmp/merged.lef /openLANE_flow/designs/picorv32a/src/sky130_vsdinv.lef -o /openLANE_flow/designs/picorv32a/runs/30-06_10-23/tmp/merged.lef.new"

Mon Jun 30 12:35:57 UTC 2025 - Executing "/openLANE_flow/scripts/mergeLef.py -i /openLANE_flow/designs/picorv32a/runs/30-06_10-23/tmp/merged_unpadded.lef /openLANE_flow/designs/picorv32a/src/sky130_vsdinv.lef -o /openLANE_flow/designs/picorv32a/runs/30-06_10-23/tmp/merged_unpadded.lef.new"

Mon Jun 30 12:35:57 UTC 2025 - Executing "mv /openLANE_flow/designs/picorv32a/runs/30-06_10-23/tmp/merged.lef.new /openLANE_flow/designs/picorv32a/runs/30-06_10-23/tmp/merged.lef"

Mon Jun 30 12:35:57 UTC 2025 - Executing "mv /openLANE_flow/designs/picorv32a/runs/30-06_10-23/tmp/merged_unpadded.lef.new /openLANE_flow/designs/picorv32a/runs/30-06_10-23/tmp/merged_unpadded.lef"

Mon Jun 30 12:36:38 UTC 2025 - Executing "sed -E {s/^([[:space:]]+)pg_pin(.*)/\1pin\2\n\1    direction : "inout";/g} /openLANE_flow/designs/picorv32a/src/sky130_fd_sc_hd__typical.lib > /openLANE_flow/designs/picorv32a/runs/30-06_10-23/tmp/sky130_fd_sc_hd__typical.no_pg.lib"

Mon Jun 30 12:36:38 UTC 2025 - Executing "yosys -c /openLANE_flow/scripts/synth.tcl -l /openLANE_flow/designs/picorv32a/runs/30-06_10-23/logs/synthesis/1-yosys.log |& tee >&@stdout"

Mon Jun 30 12:37:52 UTC 2025 - Executing "sed -i -e {s/\(set ::env(CURRENT_NETLIST)\).*/\1 \/openLANE_flow\/designs\/picorv32a\/runs\/30-06_10-23\/results\/synthesis\/picorv32a.synthesis.v/} /openLANE_flow/designs/picorv32a/runs/30-06_10-23/config.tcl"

Mon Jun 30 12:37:53 UTC 2025 - Executing "sed -i -e {s/\(set ::env(PREV_NETLIST)\).*/\1 0/} /openLANE_flow/designs/picorv32a/runs/30-06_10-23/config.tcl"

Mon Jun 30 12:37:53 UTC 2025 - Executing "sed -i /defparam/d /openLANE_flow/designs/picorv32a/runs/30-06_10-23/results/synthesis/picorv32a.synthesis.v"

Mon Jun 30 12:37:53 UTC 2025 - Executing "sta /openLANE_flow/scripts/sta.tcl |& tee >&@stdout /openLANE_flow/designs/picorv32a/runs/30-06_10-23/logs/synthesis/2-opensta"

Mon Jun 30 12:38:50 UTC 2025 - Executing "openroad -exit /openLANE_flow/scripts/openroad/or_floorplan.tcl |& tee >&@stdout /openLANE_flow/designs/picorv32a/runs/30-06_10-23/logs/floorplan/3-verilog2def.openroad.log"

Mon Jun 30 12:39:06 UTC 2025 - Executing "openroad -exit /openLANE_flow/scripts/openroad/or_ioplacer.tcl |& tee >&@stdout /openLANE_flow/designs/picorv32a/runs/30-06_10-23/logs/floorplan/4-ioPlacer.log"

Mon Jun 30 12:39:32 UTC 2025 - Executing "openroad -exit /openLANE_flow/scripts/openroad/or_tapcell.tcl |& tee >&@stdout /openLANE_flow/designs/picorv32a/runs/30-06_10-23/logs/floorplan/5-tapcell.log"

Mon Jun 30 12:40:07 UTC 2025 - Executing "openroad -exit /openLANE_flow/scripts/openroad/or_replace.tcl |& tee >&@stdout /openLANE_flow/designs/picorv32a/runs/30-06_10-23/logs/placement/6-replace.log"

Mon Jun 30 12:40:27 UTC 2025 - Executing "openroad -exit /openLANE_flow/scripts/openroad/or_resizer.tcl |& tee >&@stdout /openLANE_flow/designs/picorv32a/runs/30-06_10-23/logs/placement/6-resizer.log"

Mon Jun 30 12:40:42 UTC 2025 - Executing "openroad -exit /openLANE_flow/scripts/openroad/or_write_verilog.tcl |& tee >&@stdout /openLANE_flow/designs/picorv32a/runs/30-06_10-23/logs/7-write_verilog.log"

Mon Jun 30 12:40:44 UTC 2025 - Executing "sed -i -e {s/\(set ::env(CURRENT_NETLIST)\).*/\1 \/openLANE_flow\/designs\/picorv32a\/runs\/30-06_10-23\/results\/synthesis\/picorv32a.synthesis_optimized.v/} /openLANE_flow/designs/picorv32a/runs/30-06_10-23/config.tcl"

Mon Jun 30 12:40:44 UTC 2025 - Executing "sed -i -e {s/\(set ::env(PREV_NETLIST)\).*/\1 \/openLANE_flow\/designs\/picorv32a\/runs\/30-06_10-23\/results\/synthesis\/picorv32a.synthesis.v/} /openLANE_flow/designs/picorv32a/runs/30-06_10-23/config.tcl"

Mon Jun 30 12:40:44 UTC 2025 - Executing "sta /openLANE_flow/scripts/sta.tcl |& tee >&@stdout /openLANE_flow/designs/picorv32a/runs/30-06_10-23/logs/synthesis/8-opensta_post_resizer"

Mon Jun 30 12:40:46 UTC 2025 - Executing "openroad -exit /openLANE_flow/scripts/openroad/or_opendp.tcl |& tee >&@stdout /openLANE_flow/designs/picorv32a/runs/30-06_10-23/logs/placement/9-opendp.log"

Mon Jun 30 12:40:49 UTC 2025 - Executing "bash /openLANE_flow/scripts/klayout/scrotLayout.sh /home/vsduser/Desktop/work/tools/openlane_working_dir/pdks/sky130A/libs.tech/klayout/sky130A.lyt /openLANE_flow/designs/picorv32a/runs/30-06_10-23/results/placement/picorv32a.placement.def |& tee >&@stdout /openLANE_flow/designs/picorv32a/runs/30-06_10-23/logs/klayout/10-klayout.scrot.log"

Mon Jun 30 12:41:35 UTC 2025 - Executing "/openLANE_flow/scripts/libtrim.pl /openLANE_flow/designs/picorv32a/src/sky130_fd_sc_hd__typical.lib /openLANE_flow/designs/picorv32a/runs/30-06_10-23/tmp/cts.lib.exclude.list > /openLANE_flow/designs/picorv32a/runs/30-06_10-23/tmp/cts.lib"

Mon Jun 30 12:41:35 UTC 2025 - Executing "openroad -exit /openLANE_flow/scripts/openroad/or_cts.tcl |& tee >&@stdout /openLANE_flow/designs/picorv32a/runs/30-06_10-23/logs/cts/11-cts.log"

Mon Jun 30 12:43:30 UTC 2025 - Executing "openroad -exit /openLANE_flow/scripts/openroad/or_write_verilog.tcl |& tee >&@stdout /openLANE_flow/designs/picorv32a/runs/30-06_10-23/logs/12-write_verilog.log"

Mon Jun 30 12:43:32 UTC 2025 - Executing "sed -i -e {s/\(set ::env(CURRENT_NETLIST)\).*/\1 \/openLANE_flow\/designs\/picorv32a\/runs\/30-06_10-23\/results\/synthesis\/picorv32a.synthesis_cts.v/} /openLANE_flow/designs/picorv32a/runs/30-06_10-23/config.tcl"

Mon Jun 30 12:43:32 UTC 2025 - Executing "sed -i -e {s/\(set ::env(PREV_NETLIST)\).*/\1 \/openLANE_flow\/designs\/picorv32a\/runs\/30-06_10-23\/results\/synthesis\/picorv32a.synthesis_optimized.v/} /openLANE_flow/designs/picorv32a/runs/30-06_10-23/config.tcl"

Mon Jun 30 12:43:33 UTC 2025 - Executing "bash /openLANE_flow/scripts/klayout/scrotLayout.sh /home/vsduser/Desktop/work/tools/openlane_working_dir/pdks/sky130A/libs.tech/klayout/sky130A.lyt /openLANE_flow/designs/picorv32a/runs/30-06_10-23/results/cts/picorv32a.cts.def |& tee >&@stdout /openLANE_flow/designs/picorv32a/runs/30-06_10-23/logs/klayout/13-klayout.scrot.log"

