Wed Jun 25 12:45:16 UTC 2025 - Executing "python3 /openLANE_flow/scripts/extract_metal_layers.py -t /home/vsduser/Desktop/work/tools/openlane_working_dir/pdks/sky130A/libs.ref/sky130_fd_sc_hd/techlef/sky130_fd_sc_hd.tlef -o /openLANE_flow/designs/picorv32a/runs/24-03_10-03/tmp/met_layers_list.txt"

Wed Jun 25 12:45:16 UTC 2025 - Executing "/openLANE_flow/scripts/mergeLef.py -i /home/vsduser/Desktop/work/tools/openlane_working_dir/pdks/sky130A/libs.ref/sky130_fd_sc_hd/techlef/sky130_fd_sc_hd.tlef {/home/vsduser/Desktop/work/tools/openlane_working_dir/pdks/sky130A/libs.ref/sky130_fd_sc_hd/lef/sky130_fd_sc_hd.lef /home/vsduser/Desktop/work/tools/openlane_working_dir/pdks/sky130A/libs.ref/sky130_fd_sc_hd/lef/sky130_ef_sc_hd__fill_12.lef /home/vsduser/Desktop/work/tools/openlane_working_dir/pdks/sky130A/libs.ref/sky130_fd_sc_hd/lef/sky130_ef_sc_hd__decap_12.lef /home/vsduser/Desktop/work/tools/openlane_working_dir/pdks/sky130A/libs.ref/sky130_fd_sc_hd/lef/sky130_ef_sc_hd__fakediode_2.lef} -o /openLANE_flow/designs/picorv32a/runs/24-03_10-03/tmp/merged_unpadded.lef |& tee >&@stdout"

Wed Jun 25 12:45:16 UTC 2025 - Executing "/openLANE_flow/scripts/mergeLef.py -i /openLANE_flow/designs/picorv32a/runs/24-03_10-03/tmp/merged_unpadded.lef /openLANE_flow/designs/picorv32a/src/sky130_vsdinv.lef -o /openLANE_flow/designs/picorv32a/runs/24-03_10-03/tmp/merged_unpadded.lef |& tee >&@stdout"

Wed Jun 25 12:45:16 UTC 2025 - Executing "/openLANE_flow/scripts/libtrim.pl /openLANE_flow/designs/picorv32a/src/sky130_fd_sc_hd__typical.lib /openLANE_flow/designs/picorv32a/runs/24-03_10-03/tmp/trimmed.lib.exclude.list > /openLANE_flow/designs/picorv32a/runs/24-03_10-03/tmp/trimmed.lib"

Wed Jun 25 12:45:17 UTC 2025 - Executing "echo {openlane v0.21} > /openLANE_flow/designs/picorv32a/runs/24-03_10-03/OPENLANE_VERSION"

Wed Jun 25 12:45:44 UTC 2025 - Executing "/openLANE_flow/scripts/mergeLef.py -i /openLANE_flow/designs/picorv32a/runs/24-03_10-03/tmp/merged.lef /openLANE_flow/designs/picorv32a/src/sky130_vsdinv.lef -o /openLANE_flow/designs/picorv32a/runs/24-03_10-03/tmp/merged.lef.new"

Wed Jun 25 12:45:44 UTC 2025 - Executing "/openLANE_flow/scripts/mergeLef.py -i /openLANE_flow/designs/picorv32a/runs/24-03_10-03/tmp/merged_unpadded.lef /openLANE_flow/designs/picorv32a/src/sky130_vsdinv.lef -o /openLANE_flow/designs/picorv32a/runs/24-03_10-03/tmp/merged_unpadded.lef.new"

Wed Jun 25 12:45:44 UTC 2025 - Executing "mv /openLANE_flow/designs/picorv32a/runs/24-03_10-03/tmp/merged.lef.new /openLANE_flow/designs/picorv32a/runs/24-03_10-03/tmp/merged.lef"

Wed Jun 25 12:45:44 UTC 2025 - Executing "mv /openLANE_flow/designs/picorv32a/runs/24-03_10-03/tmp/merged_unpadded.lef.new /openLANE_flow/designs/picorv32a/runs/24-03_10-03/tmp/merged_unpadded.lef"

Wed Jun 25 13:12:19 UTC 2025 - Executing "sed -E {s/^([[:space:]]+)pg_pin(.*)/\1pin\2\n\1    direction : "inout";/g} /openLANE_flow/designs/picorv32a/src/sky130_fd_sc_hd__typical.lib > /openLANE_flow/designs/picorv32a/runs/24-03_10-03/tmp/sky130_fd_sc_hd__typical.no_pg.lib"

Wed Jun 25 13:12:19 UTC 2025 - Executing "yosys -c /openLANE_flow/scripts/synth.tcl -l /openLANE_flow/designs/picorv32a/runs/24-03_10-03/logs/synthesis/3-yosys.log |& tee >&@stdout"

Wed Jun 25 13:13:34 UTC 2025 - Executing "sed -i -e {s/\(set ::env(CURRENT_NETLIST)\).*/\1 \/openLANE_flow\/designs\/picorv32a\/runs\/24-03_10-03\/results\/synthesis\/picorv32a.synthesis.v/} /openLANE_flow/designs/picorv32a/runs/24-03_10-03/config.tcl"

Wed Jun 25 13:13:34 UTC 2025 - Executing "sed -i -e {s/\(set ::env(PREV_NETLIST)\).*/\1 \/openLANE_flow\/designs\/picorv32a\/runs\/23-06_10-10\/results\/synthesis\/picorv32a.synthesis.v/} /openLANE_flow/designs/picorv32a/runs/24-03_10-03/config.tcl"

Wed Jun 25 13:13:34 UTC 2025 - Executing "sed -i /defparam/d /openLANE_flow/designs/picorv32a/runs/24-03_10-03/results/synthesis/picorv32a.synthesis.v"

Wed Jun 25 13:13:35 UTC 2025 - Executing "sta /openLANE_flow/scripts/sta.tcl |& tee >&@stdout /openLANE_flow/designs/picorv32a/runs/24-03_10-03/logs/synthesis/4-opensta"

Wed Jun 25 13:21:00 UTC 2025 - Executing "openroad -exit /openLANE_flow/scripts/openroad/or_floorplan.tcl |& tee >&@stdout /openLANE_flow/designs/picorv32a/runs/24-03_10-03/logs/floorplan/5-verilog2def.openroad.log"

Wed Jun 25 13:21:03 UTC 2025 - Executing "openroad -exit /openLANE_flow/scripts/openroad/or_ioplacer.tcl |& tee >&@stdout /openLANE_flow/designs/picorv32a/runs/24-03_10-03/logs/floorplan/6-ioPlacer.log"

Wed Jun 25 13:21:06 UTC 2025 - Executing "openroad -exit /openLANE_flow/scripts/openroad/or_replace.tcl |& tee >&@stdout /openLANE_flow/designs/picorv32a/runs/24-03_10-03/logs/placement/7-replace.log"

Wed Jun 25 13:21:25 UTC 2025 - Executing "openroad -exit /openLANE_flow/scripts/openroad/or_basic_mp.tcl |& tee >&@stdout /openLANE_flow/designs/picorv32a/runs/24-03_10-03/logs/placement/8-basic_mp.log"

Wed Jun 25 13:21:29 UTC 2025 - Executing "python3 /openLANE_flow/report_generation_wrapper.py -d /openLANE_flow/designs/picorv32a -dn picorv32a -t 24-03_10-03 -o /openLANE_flow/designs/picorv32a/runs/24-03_10-03/reports/final_summary_report.csv -m /openLANE_flow/designs/picorv32a/runs/24-03_10-03/reports/manufacturability_report.rpt -rs /openLANE_flow/designs/picorv32a/runs/24-03_10-03/reports/runtime_summary_report.rpt -r /openLANE_flow/designs/picorv32a/runs/24-03_10-03"

