[INFO]: Current run directory is /openLANE_flow/designs/picorv32a/runs/23-06_10-10
[INFO]: Preparing LEF Files
[INFO]: Extracting the number of available metal layers from /home/vsduser/Desktop/work/tools/openlane_working_dir/pdks/sky130A/libs.ref/sky130_fd_sc_hd/techlef/sky130_fd_sc_hd.tlef
[INFO]: The number of available metal layers is 6
[INFO]: The available metal layers are li1 met1 met2 met3 met4 met5
[INFO]: Merging LEF Files...
[INFO]: Merging the following extra LEFs: /openLANE_flow/designs/picorv32a/src/sky130_vsdinv.lef
[INFO]: Trimming Liberty...
[INFO]: Generating Exclude List...
[INFO]: Storing configs into config.tcl ...
[INFO]: Preparation complete
[INFO]: Merging /openLANE_flow/designs/picorv32a/src/sky130_vsdinv.lef
[INFO]: Running Synthesis...
[INFO]: current step index: 9
[INFO]: Changing netlist from /openLANE_flow/designs/picorv32a/runs/24-03_10-03/results/synthesis/picorv32a.synthesis.v to /openLANE_flow/designs/picorv32a/runs/23-06_10-10/results/synthesis/picorv32a.synthesis.v
[INFO]: Running Static Timing Analysis...
[INFO]: current step index: 10
[INFO]: Synthesis was successful
[INFO]: Running Initial Floorplanning...
[INFO]: current step index: 11
[INFO]: Core area width: 720.36
[INFO]: Core area height: 718.08
[INFO]: Changing layout from /openLANE_flow/designs/picorv32a/runs/24-03_10-03/tmp/placement/7-replace.def to /openLANE_flow/designs/picorv32a/runs/23-06_10-10/tmp/floorplan/11-verilog2def_openroad.def
[INFO]: Running IO Placement...
[INFO]: current step index: 12
[INFO]: Changing layout from /openLANE_flow/designs/picorv32a/runs/23-06_10-10/tmp/floorplan/11-verilog2def_openroad.def to /openLANE_flow/designs/picorv32a/runs/23-06_10-10/tmp/floorplan/12-ioPlacer.def
[INFO]: Running Tap/Decap Insertion...
[INFO]: current step index: 13
[INFO]: Changing layout from /openLANE_flow/designs/picorv32a/runs/23-06_10-10/tmp/floorplan/12-ioPlacer.def to /openLANE_flow/designs/picorv32a/runs/23-06_10-10/results/floorplan/picorv32a.floorplan.def
[INFO]: Running Placement...
[INFO]: Running Global Placement...
[INFO]: current step index: 14
[INFO]: Global placement was successful
[INFO]: Changing layout from /openLANE_flow/designs/picorv32a/runs/23-06_10-10/results/floorplan/picorv32a.floorplan.def to /openLANE_flow/designs/picorv32a/runs/23-06_10-10/tmp/placement/14-replace.def
[INFO]: Skipping OpenPhySyn Timing Optimizations.
[INFO]: Running Resizer Design Optimizations...
[INFO]: Generating Exclude List...
[INFO]: Creating ::env(DONT_USE_CELLS)...
[INFO]: Changing layout from /openLANE_flow/designs/picorv32a/runs/23-06_10-10/tmp/placement/14-replace.def to /openLANE_flow/designs/picorv32a/runs/23-06_10-10/tmp/placement/14-resizer.def
[INFO]: Writing Verilog...
[INFO]: current step index: 15
[INFO]: Changing netlist from /openLANE_flow/designs/picorv32a/runs/23-06_10-10/results/synthesis/picorv32a.synthesis.v to /openLANE_flow/designs/picorv32a/runs/23-06_10-10/results/synthesis/picorv32a.synthesis_optimized.v
[INFO]: Running Static Timing Analysis...
[INFO]: current step index: 16
[INFO]: Running Detailed Placement...
[INFO]: current step index: 17
[INFO]: Changing layout from /openLANE_flow/designs/picorv32a/runs/23-06_10-10/tmp/placement/14-resizer.def to /openLANE_flow/designs/picorv32a/runs/23-06_10-10/results/placement/picorv32a.placement.def
[INFO]: Changing layout from /openLANE_flow/designs/picorv32a/runs/23-06_10-10/results/placement/picorv32a.placement.def to /openLANE_flow/designs/picorv32a/runs/23-06_10-10/results/placement/picorv32a.placement.def
[INFO]: Taking a Screenshot of the Layout Using Klayout...
[INFO]: current step index: 18
[INFO]: Screenshot taken.
